2015-10-22 16:05:40,790 INFO  [org.eclim.eclipse.EclimDaemon] Workspace: /home/solomon/workspace
2015-10-22 16:05:40,801 INFO  [org.eclim.eclipse.EclimDaemon] Home: /home/solomon/eclipse/plugins/org.eclim_2.5.0/
2015-10-22 16:05:40,801 INFO  [org.eclim.eclipse.EclimDaemon] Starting eclim...
2015-10-22 16:05:40,815 INFO  [org.eclim.eclipse.EclimDaemon] Loading plugin org.eclim
2015-10-22 16:05:40,818 INFO  [org.eclim.eclipse.EclimDaemon] Loading plugin org.eclim.core
2015-10-22 16:05:41,005 INFO  [org.eclim.plugin.core.CorePlugin] Loading eclim plugins...
2015-10-22 16:05:41,014 INFO  [org.eclim.plugin.core.CorePlugin] Loading plugin org.eclim.jdt
2015-10-22 16:05:41,015 INFO  [org.eclim.plugin.core.CorePlugin] Plugins loaded.
2015-10-22 16:05:41,016 INFO  [org.eclim.eclipse.EclimDaemon] Loaded plugin org.eclim.core
2015-10-22 16:05:41,016 INFO  [org.eclim.eclipse.EclimDaemon] Waiting on running jobs before starting eclimd...
2015-10-22 16:05:46,021 INFO  [org.eclim.eclipse.EclimDaemon] Jobs finished.
2015-10-22 16:05:46,021 INFO  [org.eclim.eclipse.EclimDaemon] Eclim Server Started on: 127.0.0.1:9091
2015-10-22 16:07:50,048 ERROR [org.eclim.command.Main] Command failed
Java Model Exception: Java Model Status [Cannot nest 'first_project/src/java' inside 'first_project/src'. To enable the nesting exclude 'java/' from 'first_project/src']
	at org.eclipse.jdt.internal.core.JavaModelOperation.runOperation(JavaModelOperation.java:785)
	at org.eclipse.jdt.internal.core.JavaProject.setRawClasspath(JavaProject.java:3097)
	at org.eclipse.jdt.internal.core.JavaProject.setRawClasspath(JavaProject.java:3059)
	at org.eclipse.jdt.internal.core.JavaProject.setRawClasspath(JavaProject.java:3112)
	at org.eclim.plugin.jdt.project.JavaProjectManager.setClasspath(JavaProjectManager.java:359)
	at org.eclim.plugin.jdt.project.JavaProjectManager.update(JavaProjectManager.java:158)
	at org.eclim.plugin.core.project.ProjectManagement.update(ProjectManagement.java:311)
	at org.eclim.plugin.core.command.project.ProjectUpdateCommand.execute(ProjectUpdateCommand.java:85)
	at org.eclim.command.Main$1.run(Main.java:100)
	at org.eclipse.swt.widgets.RunnableLock.run(RunnableLock.java:35)
	at org.eclipse.swt.widgets.Synchronizer.runAsyncMessages(Synchronizer.java:135)
	at org.eclipse.swt.widgets.Display.runAsyncMessages(Display.java:3794)
	at org.eclipse.swt.widgets.Display.readAndDispatch(Display.java:3433)
	at org.eclipse.e4.ui.internal.workbench.swt.PartRenderingEngine$4.run(PartRenderingEngine.java:1127)
	at org.eclipse.core.databinding.observable.Realm.runWithDefault(Realm.java:337)
	at org.eclipse.e4.ui.internal.workbench.swt.PartRenderingEngine.run(PartRenderingEngine.java:1018)
	at org.eclipse.e4.ui.internal.workbench.E4Workbench.createAndRunUI(E4Workbench.java:156)
	at org.eclipse.ui.internal.Workbench$5.run(Workbench.java:654)
	at org.eclipse.core.databinding.observable.Realm.runWithDefault(Realm.java:337)
	at org.eclipse.ui.internal.Workbench.createAndRunWorkbench(Workbench.java:598)
	at org.eclipse.ui.PlatformUI.createAndRunWorkbench(PlatformUI.java:150)
	at org.eclipse.ui.internal.ide.application.IDEApplication.start(IDEApplication.java:139)
	at org.eclim.eclipse.EclimApplication.start(EclimApplication.java:128)
	at org.eclipse.equinox.internal.app.EclipseAppHandle.run(EclipseAppHandle.java:196)
	at org.eclipse.core.runtime.internal.adaptor.EclipseAppLauncher.runApplication(EclipseAppLauncher.java:134)
	at org.eclipse.core.runtime.internal.adaptor.EclipseAppLauncher.start(EclipseAppLauncher.java:104)
	at org.eclipse.core.runtime.adaptor.EclipseStarter.run(EclipseStarter.java:380)
	at org.eclipse.core.runtime.adaptor.EclipseStarter.run(EclipseStarter.java:235)
	at sun.reflect.NativeMethodAccessorImpl.invoke0(Native Method)
	at sun.reflect.NativeMethodAccessorImpl.invoke(NativeMethodAccessorImpl.java:62)
	at sun.reflect.DelegatingMethodAccessorImpl.invoke(DelegatingMethodAccessorImpl.java:43)
	at java.lang.reflect.Method.invoke(Method.java:497)
	at org.eclipse.equinox.launcher.Main.invokeFramework(Main.java:669)
	at org.eclipse.equinox.launcher.Main.basicRun(Main.java:608)
	at org.eclipse.equinox.launcher.Main.run(Main.java:1515)
	at org.eclipse.equinox.launcher.Main.main(Main.java:1488)
2015-10-22 16:08:33,094 INFO  [org.eclim.eclipse.EclimDaemon] Shutting down eclim...
2015-10-22 16:08:33,099 INFO  [org.eclim.eclipse.EclimDaemon] Stopping plugin org.eclim.core
2015-10-22 16:08:33,101 INFO  [org.eclim.plugin.core.CorePlugin] Stopping plugin org.eclim.jdt
2015-10-22 16:08:33,101 INFO  [org.eclim.eclipse.EclimDaemon] Eclim stopped.
2015-10-22 16:11:32,885 INFO  [org.eclim.eclipse.EclimDaemon] Workspace: /home/solomon/workspace
2015-10-22 16:11:32,889 INFO  [org.eclim.eclipse.EclimDaemon] Home: /home/solomon/eclipse/plugins/org.eclim_2.5.0/
2015-10-22 16:11:32,889 INFO  [org.eclim.eclipse.EclimDaemon] Starting eclim...
2015-10-22 16:11:32,907 INFO  [org.eclim.eclipse.EclimDaemon] Loading plugin org.eclim
2015-10-22 16:11:32,923 INFO  [org.eclim.eclipse.EclimDaemon] Loading plugin org.eclim.core
2015-10-22 16:11:33,030 INFO  [org.eclim.plugin.core.CorePlugin] Loading eclim plugins...
2015-10-22 16:11:33,034 INFO  [org.eclim.plugin.core.CorePlugin] Loading plugin org.eclim.jdt
2015-10-22 16:11:33,037 INFO  [org.eclim.plugin.core.CorePlugin] Plugins loaded.
2015-10-22 16:11:33,038 INFO  [org.eclim.eclipse.EclimDaemon] Loaded plugin org.eclim.core
2015-10-22 16:11:33,039 INFO  [org.eclim.eclipse.EclimDaemon] Eclim Server Started on: 127.0.0.1:9091
2015-10-22 16:50:54,707 INFO  [org.eclim.eclipse.EclimDaemon] Workspace: /home/solomon/workspace
2015-10-22 16:50:54,718 INFO  [org.eclim.eclipse.EclimDaemon] Home: /home/solomon/eclipse/plugins/org.eclim_2.5.0/
2015-10-22 16:50:54,718 INFO  [org.eclim.eclipse.EclimDaemon] Starting eclim...
2015-10-22 16:50:54,728 INFO  [org.eclim.eclipse.EclimDaemon] Loading plugin org.eclim
2015-10-22 16:50:54,734 INFO  [org.eclim.eclipse.EclimDaemon] Loading plugin org.eclim.core
2015-10-22 16:50:54,875 INFO  [org.eclim.plugin.core.CorePlugin] Loading eclim plugins...
2015-10-22 16:50:54,891 INFO  [org.eclim.plugin.core.CorePlugin] Loading plugin org.eclim.jdt
2015-10-22 16:50:54,892 INFO  [org.eclim.plugin.core.CorePlugin] Plugins loaded.
2015-10-22 16:50:54,892 INFO  [org.eclim.eclipse.EclimDaemon] Loaded plugin org.eclim.core
2015-10-22 16:50:54,897 INFO  [org.eclim.eclipse.EclimDaemon] Eclim Server Started on: 127.0.0.1:9091
2015-10-22 16:55:30,957 ERROR [org.eclim.command.Main] Command failed
Java Model Exception: Java Model Status [Index out of bounds]
	at org.eclipse.jdt.internal.core.Openable.codeComplete(Openable.java:121)
	at org.eclipse.jdt.internal.core.CompilationUnit.codeComplete(CompilationUnit.java:357)
	at org.eclipse.jdt.internal.core.CompilationUnit.codeComplete(CompilationUnit.java:351)
	at org.eclipse.jdt.internal.core.CompilationUnit.codeComplete(CompilationUnit.java:339)
	at org.eclim.plugin.jdt.command.complete.CodeCompleteCommand.getCompletionResults(CodeCompleteCommand.java:83)
	at org.eclim.plugin.core.command.complete.AbstractCodeCompleteCommand.execute(AbstractCodeCompleteCommand.java:62)
	at org.eclim.command.Main$1.run(Main.java:100)
	at org.eclipse.swt.widgets.RunnableLock.run(RunnableLock.java:35)
	at org.eclipse.swt.widgets.Synchronizer.runAsyncMessages(Synchronizer.java:135)
	at org.eclipse.swt.widgets.Display.runAsyncMessages(Display.java:3794)
	at org.eclipse.swt.widgets.Display.readAndDispatch(Display.java:3433)
	at org.eclipse.e4.ui.internal.workbench.swt.PartRenderingEngine$4.run(PartRenderingEngine.java:1127)
	at org.eclipse.core.databinding.observable.Realm.runWithDefault(Realm.java:337)
	at org.eclipse.e4.ui.internal.workbench.swt.PartRenderingEngine.run(PartRenderingEngine.java:1018)
	at org.eclipse.e4.ui.internal.workbench.E4Workbench.createAndRunUI(E4Workbench.java:156)
	at org.eclipse.ui.internal.Workbench$5.run(Workbench.java:654)
	at org.eclipse.core.databinding.observable.Realm.runWithDefault(Realm.java:337)
	at org.eclipse.ui.internal.Workbench.createAndRunWorkbench(Workbench.java:598)
	at org.eclipse.ui.PlatformUI.createAndRunWorkbench(PlatformUI.java:150)
	at org.eclipse.ui.internal.ide.application.IDEApplication.start(IDEApplication.java:139)
	at org.eclipse.equinox.internal.app.EclipseAppHandle.run(EclipseAppHandle.java:196)
	at org.eclipse.core.runtime.internal.adaptor.EclipseAppLauncher.runApplication(EclipseAppLauncher.java:134)
	at org.eclipse.core.runtime.internal.adaptor.EclipseAppLauncher.start(EclipseAppLauncher.java:104)
	at org.eclipse.core.runtime.adaptor.EclipseStarter.run(EclipseStarter.java:380)
	at org.eclipse.core.runtime.adaptor.EclipseStarter.run(EclipseStarter.java:235)
	at sun.reflect.NativeMethodAccessorImpl.invoke0(Native Method)
	at sun.reflect.NativeMethodAccessorImpl.invoke(NativeMethodAccessorImpl.java:62)
	at sun.reflect.DelegatingMethodAccessorImpl.invoke(DelegatingMethodAccessorImpl.java:43)
	at java.lang.reflect.Method.invoke(Method.java:497)
	at org.eclipse.equinox.launcher.Main.invokeFramework(Main.java:669)
	at org.eclipse.equinox.launcher.Main.basicRun(Main.java:608)
	at org.eclipse.equinox.launcher.Main.run(Main.java:1515)
	at org.eclipse.equinox.launcher.Main.main(Main.java:1488)
2015-10-22 17:11:29,513 INFO  [org.eclim.eclipse.EclimDaemon] Shutting down eclim...
2015-10-22 17:11:29,514 INFO  [org.eclim.eclipse.EclimDaemon] Stopping plugin org.eclim.core
2015-10-22 17:11:29,519 INFO  [org.eclim.plugin.core.CorePlugin] Stopping plugin org.eclim.jdt
2015-10-22 17:11:29,520 INFO  [org.eclim.eclipse.EclimDaemon] Eclim stopped.
2015-10-29 15:47:14,021 INFO  [org.eclim.eclipse.EclimDaemon] Workspace: /home/solomon/workspace
2015-10-29 15:47:14,031 INFO  [org.eclim.eclipse.EclimDaemon] Home: /usr/share/eclipse/plugins/org.eclim_2.5.0/
2015-10-29 15:47:14,032 INFO  [org.eclim.eclipse.EclimDaemon] Starting eclim...
2015-10-29 15:47:14,039 INFO  [org.eclim.eclipse.EclimDaemon] Loading plugin org.eclim
2015-10-29 15:47:14,041 INFO  [org.eclim.eclipse.EclimDaemon] Loading plugin org.eclim.core
2015-10-29 15:47:14,207 INFO  [org.eclim.plugin.core.CorePlugin] Loading eclim plugins...
2015-10-29 15:47:14,210 INFO  [org.eclim.plugin.core.CorePlugin] Loading plugin org.eclim.jdt
2015-10-29 15:47:14,231 INFO  [org.eclim.plugin.core.CorePlugin] Plugins loaded.
2015-10-29 15:47:14,232 INFO  [org.eclim.eclipse.EclimDaemon] Loaded plugin org.eclim.core
2015-10-29 15:47:14,233 INFO  [org.eclim.eclipse.EclimDaemon] Eclim Server Started on: 127.0.0.1:9091
2015-10-29 15:55:40,719 ERROR [org.eclim.command.Main] Command failed
Java Model Exception: Java Model Status [Index out of bounds]
	at org.eclipse.jdt.internal.core.Openable.codeComplete(Openable.java:121)
	at org.eclipse.jdt.internal.core.CompilationUnit.codeComplete(CompilationUnit.java:357)
	at org.eclipse.jdt.internal.core.CompilationUnit.codeComplete(CompilationUnit.java:351)
	at org.eclipse.jdt.internal.core.CompilationUnit.codeComplete(CompilationUnit.java:339)
	at org.eclim.plugin.jdt.command.complete.CodeCompleteCommand.getCompletionResults(CodeCompleteCommand.java:83)
	at org.eclim.plugin.core.command.complete.AbstractCodeCompleteCommand.execute(AbstractCodeCompleteCommand.java:62)
	at org.eclim.command.Main$1.run(Main.java:100)
	at org.eclipse.swt.widgets.RunnableLock.run(RunnableLock.java:35)
	at org.eclipse.swt.widgets.Synchronizer.runAsyncMessages(Synchronizer.java:135)
	at org.eclipse.swt.widgets.Display.runAsyncMessages(Display.java:3794)
	at org.eclipse.swt.widgets.Display.readAndDispatch(Display.java:3433)
	at org.eclipse.e4.ui.internal.workbench.swt.PartRenderingEngine$4.run(PartRenderingEngine.java:1127)
	at org.eclipse.core.databinding.observable.Realm.runWithDefault(Realm.java:337)
	at org.eclipse.e4.ui.internal.workbench.swt.PartRenderingEngine.run(PartRenderingEngine.java:1018)
	at org.eclipse.e4.ui.internal.workbench.E4Workbench.createAndRunUI(E4Workbench.java:156)
	at org.eclipse.ui.internal.Workbench$5.run(Workbench.java:654)
	at org.eclipse.core.databinding.observable.Realm.runWithDefault(Realm.java:337)
	at org.eclipse.ui.internal.Workbench.createAndRunWorkbench(Workbench.java:598)
	at org.eclipse.ui.PlatformUI.createAndRunWorkbench(PlatformUI.java:150)
	at org.eclipse.ui.internal.ide.application.IDEApplication.start(IDEApplication.java:139)
	at org.eclipse.equinox.internal.app.EclipseAppHandle.run(EclipseAppHandle.java:196)
	at org.eclipse.core.runtime.internal.adaptor.EclipseAppLauncher.runApplication(EclipseAppLauncher.java:134)
	at org.eclipse.core.runtime.internal.adaptor.EclipseAppLauncher.start(EclipseAppLauncher.java:104)
	at org.eclipse.core.runtime.adaptor.EclipseStarter.run(EclipseStarter.java:380)
	at org.eclipse.core.runtime.adaptor.EclipseStarter.run(EclipseStarter.java:235)
	at sun.reflect.NativeMethodAccessorImpl.invoke0(Native Method)
	at sun.reflect.NativeMethodAccessorImpl.invoke(NativeMethodAccessorImpl.java:62)
	at sun.reflect.DelegatingMethodAccessorImpl.invoke(DelegatingMethodAccessorImpl.java:43)
	at java.lang.reflect.Method.invoke(Method.java:497)
	at org.eclipse.equinox.launcher.Main.invokeFramework(Main.java:669)
	at org.eclipse.equinox.launcher.Main.basicRun(Main.java:608)
	at org.eclipse.equinox.launcher.Main.run(Main.java:1515)
	at org.eclipse.equinox.launcher.Main.main(Main.java:1488)
2015-10-29 16:26:57,687 ERROR [org.eclim.command.Main] Command failed
Java Model Exception: Java Model Status [Index out of bounds]
	at org.eclipse.jdt.internal.core.Openable.codeComplete(Openable.java:121)
	at org.eclipse.jdt.internal.core.CompilationUnit.codeComplete(CompilationUnit.java:357)
	at org.eclipse.jdt.internal.core.CompilationUnit.codeComplete(CompilationUnit.java:351)
	at org.eclipse.jdt.internal.core.CompilationUnit.codeComplete(CompilationUnit.java:339)
	at org.eclim.plugin.jdt.command.complete.CodeCompleteCommand.getCompletionResults(CodeCompleteCommand.java:83)
	at org.eclim.plugin.core.command.complete.AbstractCodeCompleteCommand.execute(AbstractCodeCompleteCommand.java:62)
	at org.eclim.command.Main$1.run(Main.java:100)
	at org.eclipse.swt.widgets.RunnableLock.run(RunnableLock.java:35)
	at org.eclipse.swt.widgets.Synchronizer.runAsyncMessages(Synchronizer.java:135)
	at org.eclipse.swt.widgets.Display.runAsyncMessages(Display.java:3794)
	at org.eclipse.swt.widgets.Display.readAndDispatch(Display.java:3433)
	at org.eclipse.e4.ui.internal.workbench.swt.PartRenderingEngine$4.run(PartRenderingEngine.java:1127)
	at org.eclipse.core.databinding.observable.Realm.runWithDefault(Realm.java:337)
	at org.eclipse.e4.ui.internal.workbench.swt.PartRenderingEngine.run(PartRenderingEngine.java:1018)
	at org.eclipse.e4.ui.internal.workbench.E4Workbench.createAndRunUI(E4Workbench.java:156)
	at org.eclipse.ui.internal.Workbench$5.run(Workbench.java:654)
	at org.eclipse.core.databinding.observable.Realm.runWithDefault(Realm.java:337)
	at org.eclipse.ui.internal.Workbench.createAndRunWorkbench(Workbench.java:598)
	at org.eclipse.ui.PlatformUI.createAndRunWorkbench(PlatformUI.java:150)
	at org.eclipse.ui.internal.ide.application.IDEApplication.start(IDEApplication.java:139)
	at org.eclipse.equinox.internal.app.EclipseAppHandle.run(EclipseAppHandle.java:196)
	at org.eclipse.core.runtime.internal.adaptor.EclipseAppLauncher.runApplication(EclipseAppLauncher.java:134)
	at org.eclipse.core.runtime.internal.adaptor.EclipseAppLauncher.start(EclipseAppLauncher.java:104)
	at org.eclipse.core.runtime.adaptor.EclipseStarter.run(EclipseStarter.java:380)
	at org.eclipse.core.runtime.adaptor.EclipseStarter.run(EclipseStarter.java:235)
	at sun.reflect.NativeMethodAccessorImpl.invoke0(Native Method)
	at sun.reflect.NativeMethodAccessorImpl.invoke(NativeMethodAccessorImpl.java:62)
	at sun.reflect.DelegatingMethodAccessorImpl.invoke(DelegatingMethodAccessorImpl.java:43)
	at java.lang.reflect.Method.invoke(Method.java:497)
	at org.eclipse.equinox.launcher.Main.invokeFramework(Main.java:669)
	at org.eclipse.equinox.launcher.Main.basicRun(Main.java:608)
	at org.eclipse.equinox.launcher.Main.run(Main.java:1515)
	at org.eclipse.equinox.launcher.Main.main(Main.java:1488)
2015-10-29 16:27:08,955 ERROR [org.eclim.command.Main] Command failed
Java Model Exception: Java Model Status [Index out of bounds]
	at org.eclipse.jdt.internal.core.Openable.codeComplete(Openable.java:121)
	at org.eclipse.jdt.internal.core.CompilationUnit.codeComplete(CompilationUnit.java:357)
	at org.eclipse.jdt.internal.core.CompilationUnit.codeComplete(CompilationUnit.java:351)
	at org.eclipse.jdt.internal.core.CompilationUnit.codeComplete(CompilationUnit.java:339)
	at org.eclim.plugin.jdt.command.complete.CodeCompleteCommand.getCompletionResults(CodeCompleteCommand.java:83)
	at org.eclim.plugin.core.command.complete.AbstractCodeCompleteCommand.execute(AbstractCodeCompleteCommand.java:62)
	at org.eclim.command.Main$1.run(Main.java:100)
	at org.eclipse.swt.widgets.RunnableLock.run(RunnableLock.java:35)
	at org.eclipse.swt.widgets.Synchronizer.runAsyncMessages(Synchronizer.java:135)
	at org.eclipse.swt.widgets.Display.runAsyncMessages(Display.java:3794)
	at org.eclipse.swt.widgets.Display.readAndDispatch(Display.java:3433)
	at org.eclipse.e4.ui.internal.workbench.swt.PartRenderingEngine$4.run(PartRenderingEngine.java:1127)
	at org.eclipse.core.databinding.observable.Realm.runWithDefault(Realm.java:337)
	at org.eclipse.e4.ui.internal.workbench.swt.PartRenderingEngine.run(PartRenderingEngine.java:1018)
	at org.eclipse.e4.ui.internal.workbench.E4Workbench.createAndRunUI(E4Workbench.java:156)
	at org.eclipse.ui.internal.Workbench$5.run(Workbench.java:654)
	at org.eclipse.core.databinding.observable.Realm.runWithDefault(Realm.java:337)
	at org.eclipse.ui.internal.Workbench.createAndRunWorkbench(Workbench.java:598)
	at org.eclipse.ui.PlatformUI.createAndRunWorkbench(PlatformUI.java:150)
	at org.eclipse.ui.internal.ide.application.IDEApplication.start(IDEApplication.java:139)
	at org.eclipse.equinox.internal.app.EclipseAppHandle.run(EclipseAppHandle.java:196)
	at org.eclipse.core.runtime.internal.adaptor.EclipseAppLauncher.runApplication(EclipseAppLauncher.java:134)
	at org.eclipse.core.runtime.internal.adaptor.EclipseAppLauncher.start(EclipseAppLauncher.java:104)
	at org.eclipse.core.runtime.adaptor.EclipseStarter.run(EclipseStarter.java:380)
	at org.eclipse.core.runtime.adaptor.EclipseStarter.run(EclipseStarter.java:235)
	at sun.reflect.NativeMethodAccessorImpl.invoke0(Native Method)
	at sun.reflect.NativeMethodAccessorImpl.invoke(NativeMethodAccessorImpl.java:62)
	at sun.reflect.DelegatingMethodAccessorImpl.invoke(DelegatingMethodAccessorImpl.java:43)
	at java.lang.reflect.Method.invoke(Method.java:497)
	at org.eclipse.equinox.launcher.Main.invokeFramework(Main.java:669)
	at org.eclipse.equinox.launcher.Main.basicRun(Main.java:608)
	at org.eclipse.equinox.launcher.Main.run(Main.java:1515)
	at org.eclipse.equinox.launcher.Main.main(Main.java:1488)
2015-10-29 17:00:03,911 ERROR [org.eclim.command.Main] Command failed
Java Model Exception: Java Model Status [Index out of bounds]
	at org.eclipse.jdt.internal.core.Openable.codeComplete(Openable.java:121)
	at org.eclipse.jdt.internal.core.CompilationUnit.codeComplete(CompilationUnit.java:357)
	at org.eclipse.jdt.internal.core.CompilationUnit.codeComplete(CompilationUnit.java:351)
	at org.eclipse.jdt.internal.core.CompilationUnit.codeComplete(CompilationUnit.java:339)
	at org.eclim.plugin.jdt.command.complete.CodeCompleteCommand.getCompletionResults(CodeCompleteCommand.java:83)
	at org.eclim.plugin.core.command.complete.AbstractCodeCompleteCommand.execute(AbstractCodeCompleteCommand.java:62)
	at org.eclim.command.Main$1.run(Main.java:100)
	at org.eclipse.swt.widgets.RunnableLock.run(RunnableLock.java:35)
	at org.eclipse.swt.widgets.Synchronizer.runAsyncMessages(Synchronizer.java:135)
	at org.eclipse.swt.widgets.Display.runAsyncMessages(Display.java:3794)
	at org.eclipse.swt.widgets.Display.readAndDispatch(Display.java:3433)
	at org.eclipse.e4.ui.internal.workbench.swt.PartRenderingEngine$4.run(PartRenderingEngine.java:1127)
	at org.eclipse.core.databinding.observable.Realm.runWithDefault(Realm.java:337)
	at org.eclipse.e4.ui.internal.workbench.swt.PartRenderingEngine.run(PartRenderingEngine.java:1018)
	at org.eclipse.e4.ui.internal.workbench.E4Workbench.createAndRunUI(E4Workbench.java:156)
	at org.eclipse.ui.internal.Workbench$5.run(Workbench.java:654)
	at org.eclipse.core.databinding.observable.Realm.runWithDefault(Realm.java:337)
	at org.eclipse.ui.internal.Workbench.createAndRunWorkbench(Workbench.java:598)
	at org.eclipse.ui.PlatformUI.createAndRunWorkbench(PlatformUI.java:150)
	at org.eclipse.ui.internal.ide.application.IDEApplication.start(IDEApplication.java:139)
	at org.eclipse.equinox.internal.app.EclipseAppHandle.run(EclipseAppHandle.java:196)
	at org.eclipse.core.runtime.internal.adaptor.EclipseAppLauncher.runApplication(EclipseAppLauncher.java:134)
	at org.eclipse.core.runtime.internal.adaptor.EclipseAppLauncher.start(EclipseAppLauncher.java:104)
	at org.eclipse.core.runtime.adaptor.EclipseStarter.run(EclipseStarter.java:380)
	at org.eclipse.core.runtime.adaptor.EclipseStarter.run(EclipseStarter.java:235)
	at sun.reflect.NativeMethodAccessorImpl.invoke0(Native Method)
	at sun.reflect.NativeMethodAccessorImpl.invoke(NativeMethodAccessorImpl.java:62)
	at sun.reflect.DelegatingMethodAccessorImpl.invoke(DelegatingMethodAccessorImpl.java:43)
	at java.lang.reflect.Method.invoke(Method.java:497)
	at org.eclipse.equinox.launcher.Main.invokeFramework(Main.java:669)
	at org.eclipse.equinox.launcher.Main.basicRun(Main.java:608)
	at org.eclipse.equinox.launcher.Main.run(Main.java:1515)
	at org.eclipse.equinox.launcher.Main.main(Main.java:1488)
2015-10-29 17:07:32,839 ERROR [org.eclim.command.Main] Command failed
Java Model Exception: Java Model Status [Index out of bounds]
	at org.eclipse.jdt.internal.core.Openable.codeComplete(Openable.java:121)
	at org.eclipse.jdt.internal.core.CompilationUnit.codeComplete(CompilationUnit.java:357)
	at org.eclipse.jdt.internal.core.CompilationUnit.codeComplete(CompilationUnit.java:351)
	at org.eclipse.jdt.internal.core.CompilationUnit.codeComplete(CompilationUnit.java:339)
	at org.eclim.plugin.jdt.command.complete.CodeCompleteCommand.getCompletionResults(CodeCompleteCommand.java:83)
	at org.eclim.plugin.core.command.complete.AbstractCodeCompleteCommand.execute(AbstractCodeCompleteCommand.java:62)
	at org.eclim.command.Main$1.run(Main.java:100)
	at org.eclipse.swt.widgets.RunnableLock.run(RunnableLock.java:35)
	at org.eclipse.swt.widgets.Synchronizer.runAsyncMessages(Synchronizer.java:135)
	at org.eclipse.swt.widgets.Display.runAsyncMessages(Display.java:3794)
	at org.eclipse.swt.widgets.Display.readAndDispatch(Display.java:3433)
	at org.eclipse.e4.ui.internal.workbench.swt.PartRenderingEngine$4.run(PartRenderingEngine.java:1127)
	at org.eclipse.core.databinding.observable.Realm.runWithDefault(Realm.java:337)
	at org.eclipse.e4.ui.internal.workbench.swt.PartRenderingEngine.run(PartRenderingEngine.java:1018)
	at org.eclipse.e4.ui.internal.workbench.E4Workbench.createAndRunUI(E4Workbench.java:156)
	at org.eclipse.ui.internal.Workbench$5.run(Workbench.java:654)
	at org.eclipse.core.databinding.observable.Realm.runWithDefault(Realm.java:337)
	at org.eclipse.ui.internal.Workbench.createAndRunWorkbench(Workbench.java:598)
	at org.eclipse.ui.PlatformUI.createAndRunWorkbench(PlatformUI.java:150)
	at org.eclipse.ui.internal.ide.application.IDEApplication.start(IDEApplication.java:139)
	at org.eclipse.equinox.internal.app.EclipseAppHandle.run(EclipseAppHandle.java:196)
	at org.eclipse.core.runtime.internal.adaptor.EclipseAppLauncher.runApplication(EclipseAppLauncher.java:134)
	at org.eclipse.core.runtime.internal.adaptor.EclipseAppLauncher.start(EclipseAppLauncher.java:104)
	at org.eclipse.core.runtime.adaptor.EclipseStarter.run(EclipseStarter.java:380)
	at org.eclipse.core.runtime.adaptor.EclipseStarter.run(EclipseStarter.java:235)
	at sun.reflect.NativeMethodAccessorImpl.invoke0(Native Method)
	at sun.reflect.NativeMethodAccessorImpl.invoke(NativeMethodAccessorImpl.java:62)
	at sun.reflect.DelegatingMethodAccessorImpl.invoke(DelegatingMethodAccessorImpl.java:43)
	at java.lang.reflect.Method.invoke(Method.java:497)
	at org.eclipse.equinox.launcher.Main.invokeFramework(Main.java:669)
	at org.eclipse.equinox.launcher.Main.basicRun(Main.java:608)
	at org.eclipse.equinox.launcher.Main.run(Main.java:1515)
	at org.eclipse.equinox.launcher.Main.main(Main.java:1488)
2015-10-29 17:23:45,035 INFO  [org.eclim.eclipse.EclimDaemon] Shutting down eclim...
2015-10-29 17:23:45,037 INFO  [org.eclim.eclipse.EclimDaemon] Stopping plugin org.eclim.core
2015-10-29 17:23:45,040 INFO  [org.eclim.plugin.core.CorePlugin] Stopping plugin org.eclim.jdt
2015-10-29 17:23:45,041 INFO  [org.eclim.eclipse.EclimDaemon] Eclim stopped.
2015-11-05 15:53:58,903 INFO  [org.eclim.eclipse.EclimDaemon] Workspace: /home/solomon/workspace
2015-11-05 15:53:58,928 INFO  [org.eclim.eclipse.EclimDaemon] Home: /usr/share/eclipse/plugins/org.eclim_2.5.0/
2015-11-05 15:53:58,929 INFO  [org.eclim.eclipse.EclimDaemon] Starting eclim...
2015-11-05 15:53:58,935 INFO  [org.eclim.eclipse.EclimDaemon] Loading plugin org.eclim
2015-11-05 15:53:58,938 INFO  [org.eclim.eclipse.EclimDaemon] Loading plugin org.eclim.core
2015-11-05 15:53:59,369 INFO  [org.eclim.plugin.core.CorePlugin] Loading eclim plugins...
2015-11-05 15:53:59,379 INFO  [org.eclim.plugin.core.CorePlugin] Loading plugin org.eclim.jdt
2015-11-05 15:53:59,385 INFO  [org.eclim.plugin.core.CorePlugin] Plugins loaded.
2015-11-05 15:53:59,385 INFO  [org.eclim.eclipse.EclimDaemon] Loaded plugin org.eclim.core
2015-11-05 15:53:59,388 INFO  [org.eclim.eclipse.EclimDaemon] Waiting on running jobs before starting eclimd...
2015-11-05 15:54:38,896 INFO  [org.eclim.eclipse.EclimDaemon] Workspace: /home/solomon/workspace
2015-11-05 15:54:38,908 INFO  [org.eclim.eclipse.EclimDaemon] Home: /usr/share/eclipse/plugins/org.eclim_2.5.0/
2015-11-05 15:54:38,908 INFO  [org.eclim.eclipse.EclimDaemon] Starting eclim...
2015-11-05 15:54:38,927 INFO  [org.eclim.eclipse.EclimDaemon] Loading plugin org.eclim
2015-11-05 15:54:38,934 INFO  [org.eclim.eclipse.EclimDaemon] Loading plugin org.eclim.core
2015-11-05 15:54:39,178 INFO  [org.eclim.plugin.core.CorePlugin] Loading eclim plugins...
2015-11-05 15:54:39,181 INFO  [org.eclim.plugin.core.CorePlugin] Loading plugin org.eclim.jdt
2015-11-05 15:54:39,183 INFO  [org.eclim.plugin.core.CorePlugin] Plugins loaded.
2015-11-05 15:54:39,183 INFO  [org.eclim.eclipse.EclimDaemon] Loaded plugin org.eclim.core
2015-11-05 15:54:39,186 INFO  [org.eclim.eclipse.EclimDaemon] Waiting on running jobs before starting eclimd...
2015-11-05 15:54:46,203 INFO  [org.eclim.eclipse.EclimDaemon] Jobs finished.
2015-11-05 15:54:46,203 INFO  [org.eclim.eclipse.EclimDaemon] Eclim Server Started on: 127.0.0.1:9091
2015-11-05 17:40:30,550 INFO  [org.eclim.eclipse.EclimDaemon] Shutting down eclim...
2015-11-05 17:40:30,566 INFO  [org.eclim.eclipse.EclimDaemon] Stopping plugin org.eclim.core
2015-11-05 17:40:30,569 INFO  [org.eclim.plugin.core.CorePlugin] Stopping plugin org.eclim.jdt
2015-11-05 17:40:30,569 INFO  [org.eclim.eclipse.EclimDaemon] Eclim stopped.
2015-12-03 15:25:11,004 INFO  [org.eclim.eclipse.EclimDaemon] Workspace: /home/solomon/workspace
2015-12-03 15:25:11,013 INFO  [org.eclim.eclipse.EclimDaemon] Home: /usr/share/eclipse/plugins/org.eclim_2.5.0/
2015-12-03 15:25:11,013 INFO  [org.eclim.eclipse.EclimDaemon] Starting eclim...
2015-12-03 15:25:11,025 INFO  [org.eclim.eclipse.EclimDaemon] Loading plugin org.eclim
2015-12-03 15:25:11,027 INFO  [org.eclim.eclipse.EclimDaemon] Loading plugin org.eclim.core
2015-12-03 15:25:11,152 INFO  [org.eclim.plugin.core.CorePlugin] Loading eclim plugins...
2015-12-03 15:25:11,166 INFO  [org.eclim.plugin.core.CorePlugin] Loading plugin org.eclim.jdt
2015-12-03 15:25:11,167 INFO  [org.eclim.plugin.core.CorePlugin] Plugins loaded.
2015-12-03 15:25:11,168 INFO  [org.eclim.eclipse.EclimDaemon] Loaded plugin org.eclim.core
2015-12-03 15:25:11,170 INFO  [org.eclim.eclipse.EclimDaemon] Eclim Server Started on: 127.0.0.1:9091
2015-12-03 15:36:09,642 ERROR [org.eclim.command.Main] Command failed
Java Model Exception: Java Model Status [Index out of bounds]
	at org.eclipse.jdt.internal.core.Openable.codeComplete(Openable.java:121)
	at org.eclipse.jdt.internal.core.CompilationUnit.codeComplete(CompilationUnit.java:357)
	at org.eclipse.jdt.internal.core.CompilationUnit.codeComplete(CompilationUnit.java:351)
	at org.eclipse.jdt.internal.core.CompilationUnit.codeComplete(CompilationUnit.java:339)
	at org.eclim.plugin.jdt.command.complete.CodeCompleteCommand.getCompletionResults(CodeCompleteCommand.java:83)
	at org.eclim.plugin.core.command.complete.AbstractCodeCompleteCommand.execute(AbstractCodeCompleteCommand.java:62)
	at org.eclim.command.Main$1.run(Main.java:100)
	at org.eclipse.swt.widgets.RunnableLock.run(RunnableLock.java:35)
	at org.eclipse.swt.widgets.Synchronizer.runAsyncMessages(Synchronizer.java:135)
	at org.eclipse.swt.widgets.Display.runAsyncMessages(Display.java:3794)
	at org.eclipse.swt.widgets.Display.readAndDispatch(Display.java:3433)
	at org.eclipse.e4.ui.internal.workbench.swt.PartRenderingEngine$4.run(PartRenderingEngine.java:1127)
	at org.eclipse.core.databinding.observable.Realm.runWithDefault(Realm.java:337)
	at org.eclipse.e4.ui.internal.workbench.swt.PartRenderingEngine.run(PartRenderingEngine.java:1018)
	at org.eclipse.e4.ui.internal.workbench.E4Workbench.createAndRunUI(E4Workbench.java:156)
	at org.eclipse.ui.internal.Workbench$5.run(Workbench.java:654)
	at org.eclipse.core.databinding.observable.Realm.runWithDefault(Realm.java:337)
	at org.eclipse.ui.internal.Workbench.createAndRunWorkbench(Workbench.java:598)
	at org.eclipse.ui.PlatformUI.createAndRunWorkbench(PlatformUI.java:150)
	at org.eclipse.ui.internal.ide.application.IDEApplication.start(IDEApplication.java:139)
	at org.eclipse.equinox.internal.app.EclipseAppHandle.run(EclipseAppHandle.java:196)
	at org.eclipse.core.runtime.internal.adaptor.EclipseAppLauncher.runApplication(EclipseAppLauncher.java:134)
	at org.eclipse.core.runtime.internal.adaptor.EclipseAppLauncher.start(EclipseAppLauncher.java:104)
	at org.eclipse.core.runtime.adaptor.EclipseStarter.run(EclipseStarter.java:380)
	at org.eclipse.core.runtime.adaptor.EclipseStarter.run(EclipseStarter.java:235)
	at sun.reflect.NativeMethodAccessorImpl.invoke0(Native Method)
	at sun.reflect.NativeMethodAccessorImpl.invoke(NativeMethodAccessorImpl.java:62)
	at sun.reflect.DelegatingMethodAccessorImpl.invoke(DelegatingMethodAccessorImpl.java:43)
	at java.lang.reflect.Method.invoke(Method.java:497)
	at org.eclipse.equinox.launcher.Main.invokeFramework(Main.java:669)
	at org.eclipse.equinox.launcher.Main.basicRun(Main.java:608)
	at org.eclipse.equinox.launcher.Main.run(Main.java:1515)
	at org.eclipse.equinox.launcher.Main.main(Main.java:1488)
2015-12-03 15:36:11,505 ERROR [org.eclim.command.Main] Command failed
Java Model Exception: Java Model Status [Index out of bounds]
	at org.eclipse.jdt.internal.core.Openable.codeComplete(Openable.java:121)
	at org.eclipse.jdt.internal.core.CompilationUnit.codeComplete(CompilationUnit.java:357)
	at org.eclipse.jdt.internal.core.CompilationUnit.codeComplete(CompilationUnit.java:351)
	at org.eclipse.jdt.internal.core.CompilationUnit.codeComplete(CompilationUnit.java:339)
	at org.eclim.plugin.jdt.command.complete.CodeCompleteCommand.getCompletionResults(CodeCompleteCommand.java:83)
	at org.eclim.plugin.core.command.complete.AbstractCodeCompleteCommand.execute(AbstractCodeCompleteCommand.java:62)
	at org.eclim.command.Main$1.run(Main.java:100)
	at org.eclipse.swt.widgets.RunnableLock.run(RunnableLock.java:35)
	at org.eclipse.swt.widgets.Synchronizer.runAsyncMessages(Synchronizer.java:135)
	at org.eclipse.swt.widgets.Display.runAsyncMessages(Display.java:3794)
	at org.eclipse.swt.widgets.Display.readAndDispatch(Display.java:3433)
	at org.eclipse.e4.ui.internal.workbench.swt.PartRenderingEngine$4.run(PartRenderingEngine.java:1127)
	at org.eclipse.core.databinding.observable.Realm.runWithDefault(Realm.java:337)
	at org.eclipse.e4.ui.internal.workbench.swt.PartRenderingEngine.run(PartRenderingEngine.java:1018)
	at org.eclipse.e4.ui.internal.workbench.E4Workbench.createAndRunUI(E4Workbench.java:156)
	at org.eclipse.ui.internal.Workbench$5.run(Workbench.java:654)
	at org.eclipse.core.databinding.observable.Realm.runWithDefault(Realm.java:337)
	at org.eclipse.ui.internal.Workbench.createAndRunWorkbench(Workbench.java:598)
	at org.eclipse.ui.PlatformUI.createAndRunWorkbench(PlatformUI.java:150)
	at org.eclipse.ui.internal.ide.application.IDEApplication.start(IDEApplication.java:139)
	at org.eclipse.equinox.internal.app.EclipseAppHandle.run(EclipseAppHandle.java:196)
	at org.eclipse.core.runtime.internal.adaptor.EclipseAppLauncher.runApplication(EclipseAppLauncher.java:134)
	at org.eclipse.core.runtime.internal.adaptor.EclipseAppLauncher.start(EclipseAppLauncher.java:104)
	at org.eclipse.core.runtime.adaptor.EclipseStarter.run(EclipseStarter.java:380)
	at org.eclipse.core.runtime.adaptor.EclipseStarter.run(EclipseStarter.java:235)
	at sun.reflect.NativeMethodAccessorImpl.invoke0(Native Method)
	at sun.reflect.NativeMethodAccessorImpl.invoke(NativeMethodAccessorImpl.java:62)
	at sun.reflect.DelegatingMethodAccessorImpl.invoke(DelegatingMethodAccessorImpl.java:43)
	at java.lang.reflect.Method.invoke(Method.java:497)
	at org.eclipse.equinox.launcher.Main.invokeFramework(Main.java:669)
	at org.eclipse.equinox.launcher.Main.basicRun(Main.java:608)
	at org.eclipse.equinox.launcher.Main.run(Main.java:1515)
	at org.eclipse.equinox.launcher.Main.main(Main.java:1488)
2015-12-03 15:36:30,659 ERROR [org.eclim.command.Main] Command failed
Java Model Exception: Java Model Status [Index out of bounds]
	at org.eclipse.jdt.internal.core.Openable.codeComplete(Openable.java:121)
	at org.eclipse.jdt.internal.core.CompilationUnit.codeComplete(CompilationUnit.java:357)
	at org.eclipse.jdt.internal.core.CompilationUnit.codeComplete(CompilationUnit.java:351)
	at org.eclipse.jdt.internal.core.CompilationUnit.codeComplete(CompilationUnit.java:339)
	at org.eclim.plugin.jdt.command.complete.CodeCompleteCommand.getCompletionResults(CodeCompleteCommand.java:83)
	at org.eclim.plugin.core.command.complete.AbstractCodeCompleteCommand.execute(AbstractCodeCompleteCommand.java:62)
	at org.eclim.command.Main$1.run(Main.java:100)
	at org.eclipse.swt.widgets.RunnableLock.run(RunnableLock.java:35)
	at org.eclipse.swt.widgets.Synchronizer.runAsyncMessages(Synchronizer.java:135)
	at org.eclipse.swt.widgets.Display.runAsyncMessages(Display.java:3794)
	at org.eclipse.swt.widgets.Display.readAndDispatch(Display.java:3433)
	at org.eclipse.e4.ui.internal.workbench.swt.PartRenderingEngine$4.run(PartRenderingEngine.java:1127)
	at org.eclipse.core.databinding.observable.Realm.runWithDefault(Realm.java:337)
	at org.eclipse.e4.ui.internal.workbench.swt.PartRenderingEngine.run(PartRenderingEngine.java:1018)
	at org.eclipse.e4.ui.internal.workbench.E4Workbench.createAndRunUI(E4Workbench.java:156)
	at org.eclipse.ui.internal.Workbench$5.run(Workbench.java:654)
	at org.eclipse.core.databinding.observable.Realm.runWithDefault(Realm.java:337)
	at org.eclipse.ui.internal.Workbench.createAndRunWorkbench(Workbench.java:598)
	at org.eclipse.ui.PlatformUI.createAndRunWorkbench(PlatformUI.java:150)
	at org.eclipse.ui.internal.ide.application.IDEApplication.start(IDEApplication.java:139)
	at org.eclipse.equinox.internal.app.EclipseAppHandle.run(EclipseAppHandle.java:196)
	at org.eclipse.core.runtime.internal.adaptor.EclipseAppLauncher.runApplication(EclipseAppLauncher.java:134)
	at org.eclipse.core.runtime.internal.adaptor.EclipseAppLauncher.start(EclipseAppLauncher.java:104)
	at org.eclipse.core.runtime.adaptor.EclipseStarter.run(EclipseStarter.java:380)
	at org.eclipse.core.runtime.adaptor.EclipseStarter.run(EclipseStarter.java:235)
	at sun.reflect.NativeMethodAccessorImpl.invoke0(Native Method)
	at sun.reflect.NativeMethodAccessorImpl.invoke(NativeMethodAccessorImpl.java:62)
	at sun.reflect.DelegatingMethodAccessorImpl.invoke(DelegatingMethodAccessorImpl.java:43)
	at java.lang.reflect.Method.invoke(Method.java:497)
	at org.eclipse.equinox.launcher.Main.invokeFramework(Main.java:669)
	at org.eclipse.equinox.launcher.Main.basicRun(Main.java:608)
	at org.eclipse.equinox.launcher.Main.run(Main.java:1515)
	at org.eclipse.equinox.launcher.Main.main(Main.java:1488)
2015-12-03 15:47:36,508 ERROR [org.eclim.command.Main] Command failed
Java Model Exception: Java Model Status [Index out of bounds]
	at org.eclipse.jdt.internal.core.Openable.codeComplete(Openable.java:121)
	at org.eclipse.jdt.internal.core.CompilationUnit.codeComplete(CompilationUnit.java:357)
	at org.eclipse.jdt.internal.core.CompilationUnit.codeComplete(CompilationUnit.java:351)
	at org.eclipse.jdt.internal.core.CompilationUnit.codeComplete(CompilationUnit.java:339)
	at org.eclim.plugin.jdt.command.complete.CodeCompleteCommand.getCompletionResults(CodeCompleteCommand.java:83)
	at org.eclim.plugin.core.command.complete.AbstractCodeCompleteCommand.execute(AbstractCodeCompleteCommand.java:62)
	at org.eclim.command.Main$1.run(Main.java:100)
	at org.eclipse.swt.widgets.RunnableLock.run(RunnableLock.java:35)
	at org.eclipse.swt.widgets.Synchronizer.runAsyncMessages(Synchronizer.java:135)
	at org.eclipse.swt.widgets.Display.runAsyncMessages(Display.java:3794)
	at org.eclipse.swt.widgets.Display.readAndDispatch(Display.java:3433)
	at org.eclipse.e4.ui.internal.workbench.swt.PartRenderingEngine$4.run(PartRenderingEngine.java:1127)
	at org.eclipse.core.databinding.observable.Realm.runWithDefault(Realm.java:337)
	at org.eclipse.e4.ui.internal.workbench.swt.PartRenderingEngine.run(PartRenderingEngine.java:1018)
	at org.eclipse.e4.ui.internal.workbench.E4Workbench.createAndRunUI(E4Workbench.java:156)
	at org.eclipse.ui.internal.Workbench$5.run(Workbench.java:654)
	at org.eclipse.core.databinding.observable.Realm.runWithDefault(Realm.java:337)
	at org.eclipse.ui.internal.Workbench.createAndRunWorkbench(Workbench.java:598)
	at org.eclipse.ui.PlatformUI.createAndRunWorkbench(PlatformUI.java:150)
	at org.eclipse.ui.internal.ide.application.IDEApplication.start(IDEApplication.java:139)
	at org.eclipse.equinox.internal.app.EclipseAppHandle.run(EclipseAppHandle.java:196)
	at org.eclipse.core.runtime.internal.adaptor.EclipseAppLauncher.runApplication(EclipseAppLauncher.java:134)
	at org.eclipse.core.runtime.internal.adaptor.EclipseAppLauncher.start(EclipseAppLauncher.java:104)
	at org.eclipse.core.runtime.adaptor.EclipseStarter.run(EclipseStarter.java:380)
	at org.eclipse.core.runtime.adaptor.EclipseStarter.run(EclipseStarter.java:235)
	at sun.reflect.NativeMethodAccessorImpl.invoke0(Native Method)
	at sun.reflect.NativeMethodAccessorImpl.invoke(NativeMethodAccessorImpl.java:62)
	at sun.reflect.DelegatingMethodAccessorImpl.invoke(DelegatingMethodAccessorImpl.java:43)
	at java.lang.reflect.Method.invoke(Method.java:497)
	at org.eclipse.equinox.launcher.Main.invokeFramework(Main.java:669)
	at org.eclipse.equinox.launcher.Main.basicRun(Main.java:608)
	at org.eclipse.equinox.launcher.Main.run(Main.java:1515)
	at org.eclipse.equinox.launcher.Main.main(Main.java:1488)
2015-12-03 15:48:05,325 ERROR [org.eclim.command.Main] Command failed
Java Model Exception: Java Model Status [Index out of bounds]
	at org.eclipse.jdt.internal.core.Openable.codeComplete(Openable.java:121)
	at org.eclipse.jdt.internal.core.CompilationUnit.codeComplete(CompilationUnit.java:357)
	at org.eclipse.jdt.internal.core.CompilationUnit.codeComplete(CompilationUnit.java:351)
	at org.eclipse.jdt.internal.core.CompilationUnit.codeComplete(CompilationUnit.java:339)
	at org.eclim.plugin.jdt.command.complete.CodeCompleteCommand.getCompletionResults(CodeCompleteCommand.java:83)
	at org.eclim.plugin.core.command.complete.AbstractCodeCompleteCommand.execute(AbstractCodeCompleteCommand.java:62)
	at org.eclim.command.Main$1.run(Main.java:100)
	at org.eclipse.swt.widgets.RunnableLock.run(RunnableLock.java:35)
	at org.eclipse.swt.widgets.Synchronizer.runAsyncMessages(Synchronizer.java:135)
	at org.eclipse.swt.widgets.Display.runAsyncMessages(Display.java:3794)
	at org.eclipse.swt.widgets.Display.readAndDispatch(Display.java:3433)
	at org.eclipse.e4.ui.internal.workbench.swt.PartRenderingEngine$4.run(PartRenderingEngine.java:1127)
	at org.eclipse.core.databinding.observable.Realm.runWithDefault(Realm.java:337)
	at org.eclipse.e4.ui.internal.workbench.swt.PartRenderingEngine.run(PartRenderingEngine.java:1018)
	at org.eclipse.e4.ui.internal.workbench.E4Workbench.createAndRunUI(E4Workbench.java:156)
	at org.eclipse.ui.internal.Workbench$5.run(Workbench.java:654)
	at org.eclipse.core.databinding.observable.Realm.runWithDefault(Realm.java:337)
	at org.eclipse.ui.internal.Workbench.createAndRunWorkbench(Workbench.java:598)
	at org.eclipse.ui.PlatformUI.createAndRunWorkbench(PlatformUI.java:150)
	at org.eclipse.ui.internal.ide.application.IDEApplication.start(IDEApplication.java:139)
	at org.eclipse.equinox.internal.app.EclipseAppHandle.run(EclipseAppHandle.java:196)
	at org.eclipse.core.runtime.internal.adaptor.EclipseAppLauncher.runApplication(EclipseAppLauncher.java:134)
	at org.eclipse.core.runtime.internal.adaptor.EclipseAppLauncher.start(EclipseAppLauncher.java:104)
	at org.eclipse.core.runtime.adaptor.EclipseStarter.run(EclipseStarter.java:380)
	at org.eclipse.core.runtime.adaptor.EclipseStarter.run(EclipseStarter.java:235)
	at sun.reflect.NativeMethodAccessorImpl.invoke0(Native Method)
	at sun.reflect.NativeMethodAccessorImpl.invoke(NativeMethodAccessorImpl.java:62)
	at sun.reflect.DelegatingMethodAccessorImpl.invoke(DelegatingMethodAccessorImpl.java:43)
	at java.lang.reflect.Method.invoke(Method.java:497)
	at org.eclipse.equinox.launcher.Main.invokeFramework(Main.java:669)
	at org.eclipse.equinox.launcher.Main.basicRun(Main.java:608)
	at org.eclipse.equinox.launcher.Main.run(Main.java:1515)
	at org.eclipse.equinox.launcher.Main.main(Main.java:1488)
2015-12-03 15:48:20,674 ERROR [org.eclim.command.Main] Command failed
Java Model Exception: Java Model Status [Index out of bounds]
	at org.eclipse.jdt.internal.core.Openable.codeComplete(Openable.java:121)
	at org.eclipse.jdt.internal.core.CompilationUnit.codeComplete(CompilationUnit.java:357)
	at org.eclipse.jdt.internal.core.CompilationUnit.codeComplete(CompilationUnit.java:351)
	at org.eclipse.jdt.internal.core.CompilationUnit.codeComplete(CompilationUnit.java:339)
	at org.eclim.plugin.jdt.command.complete.CodeCompleteCommand.getCompletionResults(CodeCompleteCommand.java:83)
	at org.eclim.plugin.core.command.complete.AbstractCodeCompleteCommand.execute(AbstractCodeCompleteCommand.java:62)
	at org.eclim.command.Main$1.run(Main.java:100)
	at org.eclipse.swt.widgets.RunnableLock.run(RunnableLock.java:35)
	at org.eclipse.swt.widgets.Synchronizer.runAsyncMessages(Synchronizer.java:135)
	at org.eclipse.swt.widgets.Display.runAsyncMessages(Display.java:3794)
	at org.eclipse.swt.widgets.Display.readAndDispatch(Display.java:3433)
	at org.eclipse.e4.ui.internal.workbench.swt.PartRenderingEngine$4.run(PartRenderingEngine.java:1127)
	at org.eclipse.core.databinding.observable.Realm.runWithDefault(Realm.java:337)
	at org.eclipse.e4.ui.internal.workbench.swt.PartRenderingEngine.run(PartRenderingEngine.java:1018)
	at org.eclipse.e4.ui.internal.workbench.E4Workbench.createAndRunUI(E4Workbench.java:156)
	at org.eclipse.ui.internal.Workbench$5.run(Workbench.java:654)
	at org.eclipse.core.databinding.observable.Realm.runWithDefault(Realm.java:337)
	at org.eclipse.ui.internal.Workbench.createAndRunWorkbench(Workbench.java:598)
	at org.eclipse.ui.PlatformUI.createAndRunWorkbench(PlatformUI.java:150)
	at org.eclipse.ui.internal.ide.application.IDEApplication.start(IDEApplication.java:139)
	at org.eclipse.equinox.internal.app.EclipseAppHandle.run(EclipseAppHandle.java:196)
	at org.eclipse.core.runtime.internal.adaptor.EclipseAppLauncher.runApplication(EclipseAppLauncher.java:134)
	at org.eclipse.core.runtime.internal.adaptor.EclipseAppLauncher.start(EclipseAppLauncher.java:104)
	at org.eclipse.core.runtime.adaptor.EclipseStarter.run(EclipseStarter.java:380)
	at org.eclipse.core.runtime.adaptor.EclipseStarter.run(EclipseStarter.java:235)
	at sun.reflect.NativeMethodAccessorImpl.invoke0(Native Method)
	at sun.reflect.NativeMethodAccessorImpl.invoke(NativeMethodAccessorImpl.java:62)
	at sun.reflect.DelegatingMethodAccessorImpl.invoke(DelegatingMethodAccessorImpl.java:43)
	at java.lang.reflect.Method.invoke(Method.java:497)
	at org.eclipse.equinox.launcher.Main.invokeFramework(Main.java:669)
	at org.eclipse.equinox.launcher.Main.basicRun(Main.java:608)
	at org.eclipse.equinox.launcher.Main.run(Main.java:1515)
	at org.eclipse.equinox.launcher.Main.main(Main.java:1488)
2015-12-03 16:20:22,249 INFO  [org.eclim.eclipse.EclimDaemon] Shutting down eclim...
2015-12-03 16:20:22,259 INFO  [org.eclim.eclipse.EclimDaemon] Stopping plugin org.eclim.core
2015-12-03 16:20:22,263 INFO  [org.eclim.plugin.core.CorePlugin] Stopping plugin org.eclim.jdt
2015-12-03 16:20:22,264 INFO  [org.eclim.eclipse.EclimDaemon] Eclim stopped.
2015-12-03 16:24:25,755 INFO  [org.eclim.eclipse.EclimDaemon] Workspace: /home/solomon/workspace
2015-12-03 16:24:25,755 INFO  [org.eclim.eclipse.EclimDaemon] Home: /usr/share/eclipse/plugins/org.eclim_2.5.0/
2015-12-03 16:24:25,755 INFO  [org.eclim.eclipse.EclimDaemon] Starting eclim...
2015-12-03 16:24:25,755 INFO  [org.eclim.eclipse.EclimDaemon] Loading plugin org.eclim
2015-12-03 16:24:25,755 INFO  [org.eclim.eclipse.EclimDaemon] Loading plugin org.eclim.core
2015-12-03 16:24:25,770 INFO  [org.eclim.plugin.core.CorePlugin] Loading eclim plugins...
2015-12-03 16:24:25,772 INFO  [org.eclim.plugin.core.CorePlugin] Loading plugin org.eclim.jdt
2015-12-03 16:24:25,772 INFO  [org.eclim.plugin.core.CorePlugin] Plugins loaded.
2015-12-03 16:24:25,772 INFO  [org.eclim.eclipse.EclimDaemon] Loaded plugin org.eclim.core
2015-12-03 16:24:25,772 INFO  [org.eclim.eclipse.EclimDaemon] Eclim Server Started on: 127.0.0.1:9091
2015-12-03 17:23:44,468 INFO  [org.eclim.eclipse.EclimDaemon] Shutting down eclim...
2015-12-03 17:23:44,471 INFO  [org.eclim.eclipse.EclimDaemon] Stopping plugin org.eclim.core
2015-12-03 17:23:44,471 INFO  [org.eclim.plugin.core.CorePlugin] Stopping plugin org.eclim.jdt
2015-12-03 17:23:44,471 INFO  [org.eclim.eclipse.EclimDaemon] Eclim stopped.
2015-12-03 17:30:13,908 INFO  [org.eclim.eclipse.EclimDaemon] Workspace: /home/solomon/workspace
2015-12-03 17:30:13,909 INFO  [org.eclim.eclipse.EclimDaemon] Home: /usr/share/eclipse/plugins/org.eclim_2.5.0/
2015-12-03 17:30:13,914 INFO  [org.eclim.eclipse.EclimDaemon] Starting eclim...
2015-12-03 17:30:13,923 INFO  [org.eclim.eclipse.EclimDaemon] Loading plugin org.eclim
2015-12-03 17:30:13,926 INFO  [org.eclim.eclipse.EclimDaemon] Loading plugin org.eclim.core
2015-12-03 17:30:14,044 INFO  [org.eclim.plugin.core.CorePlugin] Loading eclim plugins...
2015-12-03 17:30:14,047 INFO  [org.eclim.plugin.core.CorePlugin] Loading plugin org.eclim.jdt
2015-12-03 17:30:14,056 INFO  [org.eclim.plugin.core.CorePlugin] Plugins loaded.
2015-12-03 17:30:14,056 INFO  [org.eclim.eclipse.EclimDaemon] Loaded plugin org.eclim.core
2015-12-03 17:30:14,056 INFO  [org.eclim.eclipse.EclimDaemon] Eclim Server Started on: 127.0.0.1:9091
2015-12-10 15:44:10,402 INFO  [org.eclim.eclipse.EclimDaemon] Workspace: /home/solomon/workspace
2015-12-10 15:44:10,406 INFO  [org.eclim.eclipse.EclimDaemon] Home: /usr/share/eclipse/plugins/org.eclim_2.5.0/
2015-12-10 15:44:10,406 INFO  [org.eclim.eclipse.EclimDaemon] Starting eclim...
2015-12-10 15:44:10,417 INFO  [org.eclim.eclipse.EclimDaemon] Loading plugin org.eclim
2015-12-10 15:44:10,420 INFO  [org.eclim.eclipse.EclimDaemon] Loading plugin org.eclim.core
2015-12-10 15:44:10,655 INFO  [org.eclim.plugin.core.CorePlugin] Loading eclim plugins...
2015-12-10 15:44:10,659 INFO  [org.eclim.plugin.core.CorePlugin] Loading plugin org.eclim.jdt
2015-12-10 15:44:10,679 INFO  [org.eclim.plugin.core.CorePlugin] Plugins loaded.
2015-12-10 15:44:10,680 INFO  [org.eclim.eclipse.EclimDaemon] Loaded plugin org.eclim.core
2015-12-10 15:44:10,685 INFO  [org.eclim.eclipse.EclimDaemon] Eclim Server Started on: 127.0.0.1:9091
2015-12-10 17:30:51,915 INFO  [org.eclim.eclipse.EclimDaemon] Shutting down eclim...
2015-12-10 17:30:51,916 INFO  [org.eclim.eclipse.EclimDaemon] Stopping plugin org.eclim.core
2015-12-10 17:30:51,918 INFO  [org.eclim.plugin.core.CorePlugin] Stopping plugin org.eclim.jdt
2015-12-10 17:30:51,919 INFO  [org.eclim.eclipse.EclimDaemon] Eclim stopped.
2015-12-10 17:32:36,607 INFO  [org.eclim.eclipse.EclimDaemon] Workspace: /home/solomon/workspace
2015-12-10 17:32:36,612 INFO  [org.eclim.eclipse.EclimDaemon] Home: /usr/share/eclipse/plugins/org.eclim_2.5.0/
2015-12-10 17:32:36,612 INFO  [org.eclim.eclipse.EclimDaemon] Starting eclim...
2015-12-10 17:32:36,621 INFO  [org.eclim.eclipse.EclimDaemon] Loading plugin org.eclim
2015-12-10 17:32:36,624 INFO  [org.eclim.eclipse.EclimDaemon] Loading plugin org.eclim.core
2015-12-10 17:32:36,781 INFO  [org.eclim.plugin.core.CorePlugin] Loading eclim plugins...
2015-12-10 17:32:36,783 INFO  [org.eclim.plugin.core.CorePlugin] Loading plugin org.eclim.jdt
2015-12-10 17:32:36,787 INFO  [org.eclim.plugin.core.CorePlugin] Plugins loaded.
2015-12-10 17:32:36,788 INFO  [org.eclim.eclipse.EclimDaemon] Loaded plugin org.eclim.core
2015-12-10 17:32:36,789 INFO  [org.eclim.eclipse.EclimDaemon] Eclim Server Started on: 127.0.0.1:9091
